<?xml version="1.0" encoding="UTF-8"?>
<testsuite name="com.example.objectmapper0.ObjectMapper0ApplicationTests" tests="1" skipped="0" failures="0" errors="0" timestamp="2022-08-25T05:38:31" hostname="DESKTOP-UVTDLBF" time="0.484">
  <properties/>
  <testcase name="contextLoads()" classname="com.example.objectmapper0.ObjectMapper0ApplicationTests" time="0.484"/>
  <system-out><![CDATA[14:38:28.853 [Test worker] DEBUG org.springframework.test.context.BootstrapUtils - Instantiating CacheAwareContextLoaderDelegate from class [org.springframework.test.context.cache.DefaultCacheAwareContextLoaderDelegate]
14:38:28.865 [Test worker] DEBUG org.springframework.test.context.BootstrapUtils - Instantiating BootstrapContext using constructor [public org.springframework.test.context.support.DefaultBootstrapContext(java.lang.Class,org.springframework.test.context.CacheAwareContextLoaderDelegate)]
14:38:28.907 [Test worker] DEBUG org.springframework.test.context.BootstrapUtils - Instantiating TestContextBootstrapper for test class [com.example.objectmapper0.ObjectMapper0ApplicationTests] from class [org.springframework.boot.test.context.SpringBootTestContextBootstrapper]
14:38:28.921 [Test worker] INFO org.springframework.boot.test.context.SpringBootTestContextBootstrapper - Neither @ContextConfiguration nor @ContextHierarchy found for test class [com.example.objectmapper0.ObjectMapper0ApplicationTests], using SpringBootContextLoader
14:38:28.925 [Test worker] DEBUG org.springframework.test.context.support.AbstractContextLoader - Did not detect default resource location for test class [com.example.objectmapper0.ObjectMapper0ApplicationTests]: class path resource [com/example/objectmapper0/ObjectMapper0ApplicationTests-context.xml] does not exist
14:38:28.926 [Test worker] DEBUG org.springframework.test.context.support.AbstractContextLoader - Did not detect default resource location for test class [com.example.objectmapper0.ObjectMapper0ApplicationTests]: class path resource [com/example/objectmapper0/ObjectMapper0ApplicationTestsContext.groovy] does not exist
14:38:28.926 [Test worker] INFO org.springframework.test.context.support.AbstractContextLoader - Could not detect default resource locations for test class [com.example.objectmapper0.ObjectMapper0ApplicationTests]: no resource found for suffixes {-context.xml, Context.groovy}.
14:38:28.927 [Test worker] INFO org.springframework.test.context.support.AnnotationConfigContextLoaderUtils - Could not detect default configuration classes for test class [com.example.objectmapper0.ObjectMapper0ApplicationTests]: ObjectMapper0ApplicationTests does not declare any static, non-private, non-final, nested classes annotated with @Configuration.
14:38:28.979 [Test worker] DEBUG org.springframework.test.context.support.ActiveProfilesUtils - Could not find an 'annotation declaring class' for annotation type [org.springframework.test.context.ActiveProfiles] and class [com.example.objectmapper0.ObjectMapper0ApplicationTests]
14:38:29.048 [Test worker] DEBUG org.springframework.context.annotation.ClassPathScanningCandidateComponentProvider - Identified candidate component class: file [C:\study\object-mapper0\build\classes\java\main\com\example\objectmapper0\ObjectMapper0Application.class]
14:38:29.050 [Test worker] INFO org.springframework.boot.test.context.SpringBootTestContextBootstrapper - Found @SpringBootConfiguration com.example.objectmapper0.ObjectMapper0Application for test class com.example.objectmapper0.ObjectMapper0ApplicationTests
14:38:29.177 [Test worker] DEBUG org.springframework.boot.test.context.SpringBootTestContextBootstrapper - @TestExecutionListeners is not present for class [com.example.objectmapper0.ObjectMapper0ApplicationTests]: using defaults.
14:38:29.178 [Test worker] INFO org.springframework.boot.test.context.SpringBootTestContextBootstrapper - Loaded default TestExecutionListener class names from location [META-INF/spring.factories]: [org.springframework.boot.test.autoconfigure.restdocs.RestDocsTestExecutionListener, org.springframework.boot.test.autoconfigure.web.client.MockRestServiceServerResetTestExecutionListener, org.springframework.boot.test.autoconfigure.web.servlet.MockMvcPrintOnlyOnFailureTestExecutionListener, org.springframework.boot.test.autoconfigure.web.servlet.WebDriverTestExecutionListener, org.springframework.boot.test.autoconfigure.webservices.client.MockWebServiceServerTestExecutionListener, org.springframework.boot.test.mock.mockito.MockitoTestExecutionListener, org.springframework.boot.test.mock.mockito.ResetMocksTestExecutionListener, org.springframework.test.context.web.ServletTestExecutionListener, org.springframework.test.context.support.DirtiesContextBeforeModesTestExecutionListener, org.springframework.test.context.event.ApplicationEventsTestExecutionListener, org.springframework.test.context.support.DependencyInjectionTestExecutionListener, org.springframework.test.context.support.DirtiesContextTestExecutionListener, org.springframework.test.context.transaction.TransactionalTestExecutionListener, org.springframework.test.context.jdbc.SqlScriptsTestExecutionListener, org.springframework.test.context.event.EventPublishingTestExecutionListener]
14:38:29.189 [Test worker] DEBUG org.springframework.boot.test.context.SpringBootTestContextBootstrapper - Skipping candidate TestExecutionListener [org.springframework.test.context.transaction.TransactionalTestExecutionListener] due to a missing dependency. Specify custom listener classes or make the default listener classes and their required dependencies available. Offending class: [org/springframework/transaction/interceptor/TransactionAttributeSource]
14:38:29.190 [Test worker] DEBUG org.springframework.boot.test.context.SpringBootTestContextBootstrapper - Skipping candidate TestExecutionListener [org.springframework.test.context.jdbc.SqlScriptsTestExecutionListener] due to a missing dependency. Specify custom listener classes or make the default listener classes and their required dependencies available. Offending class: [org/springframework/transaction/interceptor/TransactionAttribute]
14:38:29.191 [Test worker] INFO org.springframework.boot.test.context.SpringBootTestContextBootstrapper - Using TestExecutionListeners: [org.springframework.test.context.web.ServletTestExecutionListener@473b3b7a, org.springframework.test.context.support.DirtiesContextBeforeModesTestExecutionListener@1734f68, org.springframework.test.context.event.ApplicationEventsTestExecutionListener@77b7ffa4, org.springframework.boot.test.mock.mockito.MockitoTestExecutionListener@5ed190be, org.springframework.boot.test.autoconfigure.SpringBootDependencyInjectionTestExecutionListener@402f80f5, org.springframework.test.context.support.DirtiesContextTestExecutionListener@5bbc9f97, org.springframework.test.context.event.EventPublishingTestExecutionListener@133e019b, org.springframework.boot.test.autoconfigure.restdocs.RestDocsTestExecutionListener@41382722, org.springframework.boot.test.autoconfigure.web.client.MockRestServiceServerResetTestExecutionListener@7dac3fd8, org.springframework.boot.test.autoconfigure.web.servlet.MockMvcPrintOnlyOnFailureTestExecutionListener@425357dd, org.springframework.boot.test.autoconfigure.web.servlet.WebDriverTestExecutionListener@2102a4d5, org.springframework.boot.test.autoconfigure.webservices.client.MockWebServiceServerTestExecutionListener@210386e0, org.springframework.boot.test.mock.mockito.ResetMocksTestExecutionListener@3d4d3fe7]
14:38:29.195 [Test worker] DEBUG org.springframework.test.context.support.AbstractDirtiesContextTestExecutionListener - Before test class: context [DefaultTestContext@ec2bf82 testClass = ObjectMapper0ApplicationTests, testInstance = [null], testMethod = [null], testException = [null], mergedContextConfiguration = [WebMergedContextConfiguration@cc62a3b testClass = ObjectMapper0ApplicationTests, locations = '{}', classes = '{class com.example.objectmapper0.ObjectMapper0Application}', contextInitializerClasses = '[]', activeProfiles = '{}', propertySourceLocations = '{}', propertySourceProperties = '{org.springframework.boot.test.context.SpringBootTestContextBootstrapper=true}', contextCustomizers = set[org.springframework.boot.test.autoconfigure.actuate.metrics.MetricsExportContextCustomizerFactory$DisableMetricExportContextCustomizer@62452cc9, org.springframework.boot.test.autoconfigure.properties.PropertyMappingContextCustomizer@0, org.springframework.boot.test.autoconfigure.web.servlet.WebDriverContextCustomizerFactory$Customizer@2a8d39c4, org.springframework.boot.test.context.filter.ExcludeFilterContextCustomizer@7fc6de5b, org.springframework.boot.test.json.DuplicateJsonObjectContextCustomizerFactory$DuplicateJsonObjectContextCustomizer@5dd91bca, org.springframework.boot.test.mock.mockito.MockitoContextCustomizer@0, org.springframework.boot.test.web.client.TestRestTemplateContextCustomizer@207b8649, org.springframework.boot.test.context.SpringBootTestArgs@1, org.springframework.boot.test.context.SpringBootTestWebEnvironment@21d03963], resourceBasePath = 'src/main/webapp', contextLoader = 'org.springframework.boot.test.context.SpringBootContextLoader', parent = [null]], attributes = map['org.springframework.test.context.web.ServletTestExecutionListener.activateListener' -> true]], class annotated with @DirtiesContext [false] with mode [null].

  .   ____          _            __ _ _
 /\\ / ___'_ __ _ _(_)_ __  __ _ \ \ \ \
( ( )\___ | '_ | '_| | '_ \/ _` | \ \ \ \
 \\/  ___)| |_)| | | | | || (_| |  ) ) ) )
  '  |____| .__|_| |_|_| |_\__, | / / / /
 =========|_|==============|___/=/_/_/_/
 :: Spring Boot ::                (v2.7.3)

2022-08-25 14:38:29.554  INFO 13160 --- [    Test worker] c.e.o.ObjectMapper0ApplicationTests      : Starting ObjectMapper0ApplicationTests using Java 11.0.16 on DESKTOP-UVTDLBF with PID 13160 (started by godjo in C:\study\object-mapper0)
2022-08-25 14:38:29.556  INFO 13160 --- [    Test worker] c.e.o.ObjectMapper0ApplicationTests      : No active profile set, falling back to 1 default profile: "default"
2022-08-25 14:38:31.080  INFO 13160 --- [    Test worker] c.e.o.ObjectMapper0ApplicationTests      : Started ObjectMapper0ApplicationTests in 1.843 seconds (JVM running for 3.157)
hello
{"name":"joohan","age":37,"phone_number":"010-1234-5567"}
User{name='joohan', age=37, phoneNumber='010-1234-5567'}
]]></system-out>
  <system-err><![CDATA[]]></system-err>
</testsuite>
